2025-07-06T05:07:17.087109Z	Cloning repository...
2025-07-06T05:07:17.777967Z	From https://github.com/AutiMind/autimind
2025-07-06T05:07:17.779014Z	 * branch            3acd62dda152a59ce9ab15c3597cbcee8aabc33a -> FETCH_HEAD
2025-07-06T05:07:17.779149Z	
2025-07-06T05:07:17.813354Z	HEAD is now at 3acd62d Initial AutiMind website implementation
2025-07-06T05:07:17.813884Z	
2025-07-06T05:07:17.909293Z	
2025-07-06T05:07:17.909989Z	Using v2 root directory strategy
2025-07-06T05:07:17.935071Z	Success: Finished cloning repository files
2025-07-06T05:07:20.078031Z	Checking for configuration in a Wrangler configuration file (BETA)
2025-07-06T05:07:20.079875Z	
2025-07-06T05:07:21.197232Z	No wrangler.toml file found. Continuing.
2025-07-06T05:07:21.292303Z	Detected the following tools from environment: npm@10.9.2, nodejs@22.16.0
2025-07-06T05:07:21.293299Z	Installing project dependencies: npm clean-install --progress=false
2025-07-06T05:07:23.494958Z	npm error code ERESOLVE
2025-07-06T05:07:23.495388Z	npm error ERESOLVE could not resolve
2025-07-06T05:07:23.495513Z	npm error
2025-07-06T05:07:23.495608Z	npm error While resolving: @astrojs/tailwind@6.0.2
2025-07-06T05:07:23.495698Z	npm error Found: tailwindcss@4.1.11
2025-07-06T05:07:23.495783Z	npm error node_modules/tailwindcss
2025-07-06T05:07:23.495868Z	npm error   tailwindcss@"^4.1.11" from the root project
2025-07-06T05:07:23.495959Z	npm error   tailwindcss@"4.1.11" from @tailwindcss/node@4.1.11
2025-07-06T05:07:23.496047Z	npm error   node_modules/@tailwindcss/node
2025-07-06T05:07:23.496135Z	npm error     @tailwindcss/node@"4.1.11" from @tailwindcss/vite@4.1.11
2025-07-06T05:07:23.496218Z	npm error     node_modules/@tailwindcss/vite
2025-07-06T05:07:23.496387Z	npm error       @tailwindcss/vite@"^4.1.11" from the root project
2025-07-06T05:07:23.496499Z	npm error   1 more (@tailwindcss/vite)
2025-07-06T05:07:23.496656Z	npm error
2025-07-06T05:07:23.496763Z	npm error Could not resolve dependency:
2025-07-06T05:07:23.496853Z	npm error peer tailwindcss@"^3.0.24" from @astrojs/tailwind@6.0.2
2025-07-06T05:07:23.496945Z	npm error node_modules/@astrojs/tailwind
2025-07-06T05:07:23.497029Z	npm error   @astrojs/tailwind@"^6.0.2" from the root project
2025-07-06T05:07:23.497122Z	npm error
2025-07-06T05:07:23.497208Z	npm error Conflicting peer dependency: tailwindcss@3.4.17
2025-07-06T05:07:23.497316Z	npm error node_modules/tailwindcss
2025-07-06T05:07:23.497511Z	npm error   peer tailwindcss@"^3.0.24" from @astrojs/tailwind@6.0.2
2025-07-06T05:07:23.497672Z	npm error   node_modules/@astrojs/tailwind
2025-07-06T05:07:23.49777Z	npm error     @astrojs/tailwind@"^6.0.2" from the root project
2025-07-06T05:07:23.497859Z	npm error
2025-07-06T05:07:23.49795Z	npm error Fix the upstream dependency conflict, or retry
2025-07-06T05:07:23.498063Z	npm error this command with --force or --legacy-peer-deps
2025-07-06T05:07:23.498157Z	npm error to accept an incorrect (and potentially broken) dependency resolution.
2025-07-06T05:07:23.498277Z	npm error
2025-07-06T05:07:23.498404Z	npm error
2025-07-06T05:07:23.498492Z	npm error For a full report see:
2025-07-06T05:07:23.498579Z	npm error /opt/buildhome/.npm/_logs/2025-07-06T05_07_21_991Z-eresolve-report.txt
2025-07-06T05:07:23.501147Z	npm error A complete log of this run can be found in: /opt/buildhome/.npm/_logs/2025-07-06T05_07_21_991Z-debug-0.log
2025-07-06T05:07:23.527805Z	Error: Exit with error code: 1
2025-07-06T05:07:23.528194Z	    at ChildProcess.<anonymous> (/snapshot/dist/run-build.js)
2025-07-06T05:07:23.528334Z	    at Object.onceWrapper (node:events:652:26)
2025-07-06T05:07:23.528443Z	    at ChildProcess.emit (node:events:537:28)
2025-07-06T05:07:23.528529Z	    at ChildProcess._handle.onexit (node:internal/child_process:291:12)
2025-07-06T05:07:23.541019Z	Failed: build command exited with code: 1
2025-07-06T05:07:24.553186Z	Failed: error occurred while running build command